[2022-06-23 14:41:41.816]	[34mINFO[0m	ready/main.go:17	log init success!
main.init.0
	/Users/bytedance/go/src/oasis/ready/main.go:17
runtime.doInit
	/usr/local/go/src/runtime/proc.go:6309
runtime.main
	/usr/local/go/src/runtime/proc.go:208
[2022-06-23 14:41:42.083]	[31mERROR[0m	initializer/db.go:50	mysql connect failed, err:	{"err": "Error 1049: Unknown database 'polis'"}
oasis/ready/initializer.initMySqlGorm
	/Users/bytedance/go/src/oasis/ready/initializer/db.go:50
oasis/ready/initializer.InitializeDB
	/Users/bytedance/go/src/oasis/ready/initializer/db.go:23
main.init.0
	/Users/bytedance/go/src/oasis/ready/main.go:20
runtime.doInit
	/usr/local/go/src/runtime/proc.go:6309
runtime.main
	/usr/local/go/src/runtime/proc.go:208
[2022-06-23 14:41:42.083]	[34mINFO[0m	ready/main.go:21	db init success!
main.init.0
	/Users/bytedance/go/src/oasis/ready/main.go:21
runtime.doInit
	/usr/local/go/src/runtime/proc.go:6309
runtime.main
	/usr/local/go/src/runtime/proc.go:208
[2022-06-23 14:42:02.170]	[31mERROR[0m	initializer/redis.go:21	Redis connect ping failed, err:	{"err": "dial tcp 101.43.252.159:6379: i/o timeout"}
oasis/ready/initializer.InitializeRedis
	/Users/bytedance/go/src/oasis/ready/initializer/redis.go:21
main.init.0
	/Users/bytedance/go/src/oasis/ready/main.go:24
runtime.doInit
	/usr/local/go/src/runtime/proc.go:6309
runtime.main
	/usr/local/go/src/runtime/proc.go:208
[2022-06-23 14:42:02.171]	[34mINFO[0m	ready/main.go:25	redis init success!
main.init.0
	/Users/bytedance/go/src/oasis/ready/main.go:25
runtime.doInit
	/usr/local/go/src/runtime/proc.go:6309
runtime.main
	/usr/local/go/src/runtime/proc.go:208
[2022-06-23 21:40:54.959]	[34mINFO[0m	ready/main.go:16	log init success!
main.init.0
	/Users/bytedance/go/src/oasis/ready/main.go:16
runtime.doInit
	/usr/local/go/src/runtime/proc.go:6309
runtime.main
	/usr/local/go/src/runtime/proc.go:208
[2022-06-23 21:40:55.082]	[31mERROR[0m	initializer/db.go:50	mysql connect failed, err:	{"err": "Error 1049: Unknown database 'polis'"}
oasis/ready/initializer.initMySqlGorm
	/Users/bytedance/go/src/oasis/ready/initializer/db.go:50
oasis/ready/initializer.InitializeDB
	/Users/bytedance/go/src/oasis/ready/initializer/db.go:23
main.init.0
	/Users/bytedance/go/src/oasis/ready/main.go:19
runtime.doInit
	/usr/local/go/src/runtime/proc.go:6309
runtime.main
	/usr/local/go/src/runtime/proc.go:208
[2022-06-23 21:40:55.082]	[34mINFO[0m	ready/main.go:20	db init success!
main.init.0
	/Users/bytedance/go/src/oasis/ready/main.go:20
runtime.doInit
	/usr/local/go/src/runtime/proc.go:6309
runtime.main
	/usr/local/go/src/runtime/proc.go:208
[2022-06-23 21:41:15.157]	[31mERROR[0m	initializer/redis.go:21	Redis connect ping failed, err:	{"err": "dial tcp 101.43.252.159:6379: i/o timeout"}
oasis/ready/initializer.InitializeRedis
	/Users/bytedance/go/src/oasis/ready/initializer/redis.go:21
main.init.0
	/Users/bytedance/go/src/oasis/ready/main.go:23
runtime.doInit
	/usr/local/go/src/runtime/proc.go:6309
runtime.main
	/usr/local/go/src/runtime/proc.go:208
[2022-06-23 21:41:15.158]	[34mINFO[0m	ready/main.go:24	redis init success!
main.init.0
	/Users/bytedance/go/src/oasis/ready/main.go:24
runtime.doInit
	/usr/local/go/src/runtime/proc.go:6309
runtime.main
	/usr/local/go/src/runtime/proc.go:208
[2022-06-23 21:43:48.517]	[34mINFO[0m	ready/main.go:16	log init success!
main.init.0
	/Users/bytedance/go/src/oasis/ready/main.go:16
runtime.doInit
	/usr/local/go/src/runtime/proc.go:6309
runtime.main
	/usr/local/go/src/runtime/proc.go:208
[2022-06-23 21:43:48.652]	[31mERROR[0m	initializer/db.go:50	mysql connect failed, err:	{"err": "Error 1049: Unknown database 'polis'"}
oasis/ready/initializer.initMySqlGorm
	/Users/bytedance/go/src/oasis/ready/initializer/db.go:50
oasis/ready/initializer.InitializeDB
	/Users/bytedance/go/src/oasis/ready/initializer/db.go:23
main.init.0
	/Users/bytedance/go/src/oasis/ready/main.go:19
runtime.doInit
	/usr/local/go/src/runtime/proc.go:6309
runtime.main
	/usr/local/go/src/runtime/proc.go:208
[2022-06-23 21:43:48.652]	[34mINFO[0m	ready/main.go:20	db init success!
main.init.0
	/Users/bytedance/go/src/oasis/ready/main.go:20
runtime.doInit
	/usr/local/go/src/runtime/proc.go:6309
runtime.main
	/usr/local/go/src/runtime/proc.go:208
[2022-06-23 21:43:54.607]	[34mINFO[0m	ready/main.go:16	log init success!
main.init.0
	/Users/bytedance/go/src/oasis/ready/main.go:16
runtime.doInit
	/usr/local/go/src/runtime/proc.go:6309
runtime.main
	/usr/local/go/src/runtime/proc.go:208
[2022-06-23 21:43:54.743]	[31mERROR[0m	initializer/db.go:50	mysql connect failed, err:	{"err": "Error 1049: Unknown database 'polis'"}
oasis/ready/initializer.initMySqlGorm
	/Users/bytedance/go/src/oasis/ready/initializer/db.go:50
oasis/ready/initializer.InitializeDB
	/Users/bytedance/go/src/oasis/ready/initializer/db.go:23
main.init.0
	/Users/bytedance/go/src/oasis/ready/main.go:19
runtime.doInit
	/usr/local/go/src/runtime/proc.go:6309
runtime.main
	/usr/local/go/src/runtime/proc.go:208
[2022-06-23 21:43:54.744]	[34mINFO[0m	ready/main.go:20	db init success!
main.init.0
	/Users/bytedance/go/src/oasis/ready/main.go:20
runtime.doInit
	/usr/local/go/src/runtime/proc.go:6309
runtime.main
	/usr/local/go/src/runtime/proc.go:208
[2022-06-23 21:44:14.818]	[31mERROR[0m	initializer/redis.go:21	Redis connect ping failed, err:	{"err": "dial tcp 101.43.252.159:6379: i/o timeout"}
oasis/ready/initializer.InitializeRedis
	/Users/bytedance/go/src/oasis/ready/initializer/redis.go:21
main.init.0
	/Users/bytedance/go/src/oasis/ready/main.go:23
runtime.doInit
	/usr/local/go/src/runtime/proc.go:6309
runtime.main
	/usr/local/go/src/runtime/proc.go:208
[2022-06-23 21:44:14.818]	[34mINFO[0m	ready/main.go:24	redis init success!
main.init.0
	/Users/bytedance/go/src/oasis/ready/main.go:24
runtime.doInit
	/usr/local/go/src/runtime/proc.go:6309
runtime.main
	/usr/local/go/src/runtime/proc.go:208
[2022-06-24 17:45:42.306]	[34mINFO[0m	ready/main.go:16	log init success!
main.init.0
	/Users/bytedance/go/src/oasis/ready/main.go:16
runtime.doInit
	/usr/local/go/src/runtime/proc.go:6309
runtime.main
	/usr/local/go/src/runtime/proc.go:208
[2022-06-24 17:45:42.443]	[31mERROR[0m	initializer/db.go:50	mysql connect failed, err:	{"err": "Error 1049: Unknown database 'polis'"}
oasis/ready/initializer.initMySqlGorm
	/Users/bytedance/go/src/oasis/ready/initializer/db.go:50
oasis/ready/initializer.InitializeDB
	/Users/bytedance/go/src/oasis/ready/initializer/db.go:23
main.init.0
	/Users/bytedance/go/src/oasis/ready/main.go:19
runtime.doInit
	/usr/local/go/src/runtime/proc.go:6309
runtime.main
	/usr/local/go/src/runtime/proc.go:208
[2022-06-24 17:45:42.443]	[34mINFO[0m	ready/main.go:20	db init success!
main.init.0
	/Users/bytedance/go/src/oasis/ready/main.go:20
runtime.doInit
	/usr/local/go/src/runtime/proc.go:6309
runtime.main
	/usr/local/go/src/runtime/proc.go:208
[2022-06-24 17:46:02.529]	[31mERROR[0m	initializer/redis.go:21	Redis connect ping failed, err:	{"err": "dial tcp 101.43.252.159:6379: i/o timeout"}
oasis/ready/initializer.InitializeRedis
	/Users/bytedance/go/src/oasis/ready/initializer/redis.go:21
main.init.0
	/Users/bytedance/go/src/oasis/ready/main.go:23
runtime.doInit
	/usr/local/go/src/runtime/proc.go:6309
runtime.main
	/usr/local/go/src/runtime/proc.go:208
[2022-06-24 17:46:02.529]	[34mINFO[0m	ready/main.go:24	redis init success!
main.init.0
	/Users/bytedance/go/src/oasis/ready/main.go:24
runtime.doInit
	/usr/local/go/src/runtime/proc.go:6309
runtime.main
	/usr/local/go/src/runtime/proc.go:208
[2022-06-24 17:56:27.753]	[34mINFO[0m	ready/main.go:16	log init success!
main.init.0
	/Users/bytedance/go/src/oasis/ready/main.go:16
runtime.doInit
	/usr/local/go/src/runtime/proc.go:6309
runtime.main
	/usr/local/go/src/runtime/proc.go:208
[2022-06-24 17:56:27.890]	[31mERROR[0m	initializer/db.go:50	mysql connect failed, err:	{"err": "Error 1049: Unknown database 'polis'"}
oasis/ready/initializer.initMySqlGorm
	/Users/bytedance/go/src/oasis/ready/initializer/db.go:50
oasis/ready/initializer.InitializeDB
	/Users/bytedance/go/src/oasis/ready/initializer/db.go:23
main.init.0
	/Users/bytedance/go/src/oasis/ready/main.go:19
runtime.doInit
	/usr/local/go/src/runtime/proc.go:6309
runtime.main
	/usr/local/go/src/runtime/proc.go:208
[2022-06-24 17:56:27.890]	[34mINFO[0m	ready/main.go:20	db init success!
main.init.0
	/Users/bytedance/go/src/oasis/ready/main.go:20
runtime.doInit
	/usr/local/go/src/runtime/proc.go:6309
runtime.main
	/usr/local/go/src/runtime/proc.go:208
[2022-06-24 17:56:47.975]	[31mERROR[0m	initializer/redis.go:21	Redis connect ping failed, err:	{"err": "dial tcp 101.43.252.159:6379: i/o timeout"}
oasis/ready/initializer.InitializeRedis
	/Users/bytedance/go/src/oasis/ready/initializer/redis.go:21
main.init.0
	/Users/bytedance/go/src/oasis/ready/main.go:23
runtime.doInit
	/usr/local/go/src/runtime/proc.go:6309
runtime.main
	/usr/local/go/src/runtime/proc.go:208
[2022-06-24 17:56:47.975]	[34mINFO[0m	ready/main.go:24	redis init success!
main.init.0
	/Users/bytedance/go/src/oasis/ready/main.go:24
runtime.doInit
	/usr/local/go/src/runtime/proc.go:6309
runtime.main
	/usr/local/go/src/runtime/proc.go:208
[2022-06-24 17:57:28.182]	[34mINFO[0m	ready/main.go:16	log init success!
main.init.0
	/Users/bytedance/go/src/oasis/ready/main.go:16
runtime.doInit
	/usr/local/go/src/runtime/proc.go:6309
runtime.main
	/usr/local/go/src/runtime/proc.go:208
[2022-06-24 17:57:28.332]	[31mERROR[0m	initializer/db.go:50	mysql connect failed, err:	{"err": "Error 1049: Unknown database 'polis'"}
oasis/ready/initializer.initMySqlGorm
	/Users/bytedance/go/src/oasis/ready/initializer/db.go:50
oasis/ready/initializer.InitializeDB
	/Users/bytedance/go/src/oasis/ready/initializer/db.go:23
main.init.0
	/Users/bytedance/go/src/oasis/ready/main.go:19
runtime.doInit
	/usr/local/go/src/runtime/proc.go:6309
runtime.main
	/usr/local/go/src/runtime/proc.go:208
[2022-06-24 17:57:28.332]	[34mINFO[0m	ready/main.go:20	db init success!
main.init.0
	/Users/bytedance/go/src/oasis/ready/main.go:20
runtime.doInit
	/usr/local/go/src/runtime/proc.go:6309
runtime.main
	/usr/local/go/src/runtime/proc.go:208
[2022-06-24 17:57:48.416]	[31mERROR[0m	initializer/redis.go:21	Redis connect ping failed, err:	{"err": "dial tcp 101.43.252.159:6379: i/o timeout"}
oasis/ready/initializer.InitializeRedis
	/Users/bytedance/go/src/oasis/ready/initializer/redis.go:21
main.init.0
	/Users/bytedance/go/src/oasis/ready/main.go:23
runtime.doInit
	/usr/local/go/src/runtime/proc.go:6309
runtime.main
	/usr/local/go/src/runtime/proc.go:208
[2022-06-24 17:57:48.416]	[34mINFO[0m	ready/main.go:24	redis init success!
main.init.0
	/Users/bytedance/go/src/oasis/ready/main.go:24
runtime.doInit
	/usr/local/go/src/runtime/proc.go:6309
runtime.main
	/usr/local/go/src/runtime/proc.go:208
[2022-06-24 18:02:20.708]	[34mINFO[0m	ready/main.go:16	log init success!
main.init.0
	/Users/bytedance/go/src/oasis/ready/main.go:16
runtime.doInit
	/usr/local/go/src/runtime/proc.go:6309
runtime.main
	/usr/local/go/src/runtime/proc.go:208
[2022-06-24 18:02:20.845]	[31mERROR[0m	initializer/db.go:50	mysql connect failed, err:	{"err": "Error 1049: Unknown database 'polis'"}
oasis/ready/initializer.initMySqlGorm
	/Users/bytedance/go/src/oasis/ready/initializer/db.go:50
oasis/ready/initializer.InitializeDB
	/Users/bytedance/go/src/oasis/ready/initializer/db.go:23
main.init.0
	/Users/bytedance/go/src/oasis/ready/main.go:19
runtime.doInit
	/usr/local/go/src/runtime/proc.go:6309
runtime.main
	/usr/local/go/src/runtime/proc.go:208
[2022-06-24 18:02:20.845]	[34mINFO[0m	ready/main.go:20	db init success!
main.init.0
	/Users/bytedance/go/src/oasis/ready/main.go:20
runtime.doInit
	/usr/local/go/src/runtime/proc.go:6309
runtime.main
	/usr/local/go/src/runtime/proc.go:208
[2022-06-24 18:02:40.935]	[31mERROR[0m	initializer/redis.go:21	Redis connect ping failed, err:	{"err": "dial tcp 101.43.252.159:6379: i/o timeout"}
oasis/ready/initializer.InitializeRedis
	/Users/bytedance/go/src/oasis/ready/initializer/redis.go:21
main.init.0
	/Users/bytedance/go/src/oasis/ready/main.go:23
runtime.doInit
	/usr/local/go/src/runtime/proc.go:6309
runtime.main
	/usr/local/go/src/runtime/proc.go:208
[2022-06-24 18:02:40.935]	[34mINFO[0m	ready/main.go:24	redis init success!
main.init.0
	/Users/bytedance/go/src/oasis/ready/main.go:24
runtime.doInit
	/usr/local/go/src/runtime/proc.go:6309
runtime.main
	/usr/local/go/src/runtime/proc.go:208
[2022-06-24 18:03:15.799]	[34mINFO[0m	ready/main.go:16	log init success!
main.init.0
	/Users/bytedance/go/src/oasis/ready/main.go:16
runtime.doInit
	/usr/local/go/src/runtime/proc.go:6309
runtime.main
	/usr/local/go/src/runtime/proc.go:208
[2022-06-24 18:03:15.953]	[31mERROR[0m	initializer/db.go:50	mysql connect failed, err:	{"err": "Error 1049: Unknown database 'polis'"}
oasis/ready/initializer.initMySqlGorm
	/Users/bytedance/go/src/oasis/ready/initializer/db.go:50
oasis/ready/initializer.InitializeDB
	/Users/bytedance/go/src/oasis/ready/initializer/db.go:23
main.init.0
	/Users/bytedance/go/src/oasis/ready/main.go:19
runtime.doInit
	/usr/local/go/src/runtime/proc.go:6309
runtime.main
	/usr/local/go/src/runtime/proc.go:208
[2022-06-24 18:03:15.953]	[34mINFO[0m	ready/main.go:20	db init success!
main.init.0
	/Users/bytedance/go/src/oasis/ready/main.go:20
runtime.doInit
	/usr/local/go/src/runtime/proc.go:6309
runtime.main
	/usr/local/go/src/runtime/proc.go:208
[2022-06-24 18:03:36.039]	[31mERROR[0m	initializer/redis.go:21	Redis connect ping failed, err:	{"err": "dial tcp 101.43.252.159:6379: i/o timeout"}
oasis/ready/initializer.InitializeRedis
	/Users/bytedance/go/src/oasis/ready/initializer/redis.go:21
main.init.0
	/Users/bytedance/go/src/oasis/ready/main.go:23
runtime.doInit
	/usr/local/go/src/runtime/proc.go:6309
runtime.main
	/usr/local/go/src/runtime/proc.go:208
[2022-06-24 18:03:36.039]	[34mINFO[0m	ready/main.go:24	redis init success!
main.init.0
	/Users/bytedance/go/src/oasis/ready/main.go:24
runtime.doInit
	/usr/local/go/src/runtime/proc.go:6309
runtime.main
	/usr/local/go/src/runtime/proc.go:208
